Flow report for RISCV
Tue Dec  2 19:55:27 2025
Quartus Prime Version 24.1std.0 Build 1077 03/04/2025 SC Lite Edition


---------------------
; Table of Contents ;
---------------------
  1. Legal Notice
  2. Flow Summary
  3. Flow Settings
  4. Flow Non-Default Global Settings
  5. Flow Elapsed Time
  6. Flow OS Summary
  7. Flow Log
  8. Flow Messages
  9. Flow Suppressed Messages



----------------
; Legal Notice ;
----------------
Copyright (C) 2025  Altera Corporation. All rights reserved.
Your use of Altera Corporation's design tools, logic functions 
and other software and tools, and any partner logic 
functions, and any output files from any of the foregoing 
(including device programming or simulation files), and any 
associated documentation or information are expressly subject 
to the terms and conditions of the Altera Program License 
Subscription Agreement, the Altera Quartus Prime License Agreement,
the Altera IP License Agreement, or other applicable license
agreement, including, without limitation, that your use is for
the sole purpose of programming logic devices manufactured by
Altera and sold by Altera or its authorized distributors.  Please
refer to the Altera Software License Subscription Agreements 
on the Quartus Prime software download page.



+-----------------------------------------------------------------------------------+
; Flow Summary                                                                      ;
+---------------------------------+-------------------------------------------------+
; Flow Status                     ; Successful - Tue Dec  2 19:55:27 2025           ;
; Quartus Prime Version           ; 24.1std.0 Build 1077 03/04/2025 SC Lite Edition ;
; Revision Name                   ; RISCV                                           ;
; Top-level Entity Name           ; Top_module_RISCV                                ;
; Family                          ; Cyclone V                                       ;
; Device                          ; 5CSEMA5F31C6                                    ;
; Timing Models                   ; Final                                           ;
; Logic utilization (in ALMs)     ; 4,535 / 32,070 ( 14 % )                         ;
; Total registers                 ; 5711                                            ;
; Total pins                      ; 78 / 457 ( 17 % )                               ;
; Total virtual pins              ; 0                                               ;
; Total block memory bits         ; 32,768 / 4,065,280 ( < 1 % )                    ;
; Total DSP Blocks                ; 0 / 87 ( 0 % )                                  ;
; Total HSSI RX PCSs              ; 0                                               ;
; Total HSSI PMA RX Deserializers ; 0                                               ;
; Total HSSI TX PCSs              ; 0                                               ;
; Total HSSI PMA TX Serializers   ; 0                                               ;
; Total PLLs                      ; 1 / 6 ( 17 % )                                  ;
; Total DLLs                      ; 0 / 4 ( 0 % )                                   ;
+---------------------------------+-------------------------------------------------+


+-----------------------------------------+
; Flow Settings                           ;
+-------------------+---------------------+
; Option            ; Setting             ;
+-------------------+---------------------+
; Start date & time ; 12/02/2025 19:30:27 ;
; Main task         ; Compilation         ;
; Revision Name     ; RISCV               ;
+-------------------+---------------------+


+--------------------------------------------------------------------------------------------------------------------------------------------------------------------------+
; Flow Non-Default Global Settings                                                                                                                                         ;
+--------------------------------------+------------------------------------------------------------+---------------+------------------+-----------------------------------+
; Assignment Name                      ; Value                                                      ; Default Value ; Entity Name      ; Section Id                        ;
+--------------------------------------+------------------------------------------------------------+---------------+------------------+-----------------------------------+
; COMPILER_SIGNATURE_ID                ; 114972521808211.176472182702940                            ; --            ; --               ; --                                ;
; EDA_DESIGN_INSTANCE_NAME             ; NA                                                         ; --            ; --               ; TB_Riscv                          ;
; EDA_GENERATE_FUNCTIONAL_NETLIST      ; Off                                                        ; --            ; --               ; eda_board_design_timing           ;
; EDA_GENERATE_FUNCTIONAL_NETLIST      ; Off                                                        ; --            ; --               ; eda_board_design_boundary_scan    ;
; EDA_GENERATE_FUNCTIONAL_NETLIST      ; Off                                                        ; --            ; --               ; eda_board_design_signal_integrity ;
; EDA_GENERATE_FUNCTIONAL_NETLIST      ; Off                                                        ; --            ; --               ; eda_board_design_symbol           ;
; EDA_NATIVELINK_SIMULATION_TEST_BENCH ; TB_Riscv                                                   ; --            ; --               ; eda_simulation                    ;
; EDA_OUTPUT_DATA_FORMAT               ; Systemverilog Hdl                                          ; --            ; --               ; eda_simulation                    ;
; EDA_SIMULATION_TOOL                  ; Questa Intel FPGA (SystemVerilog)                          ; <None>        ; --               ; --                                ;
; EDA_TEST_BENCH_ENABLE_STATUS         ; TEST_BENCH_MODE                                            ; --            ; --               ; eda_simulation                    ;
; EDA_TEST_BENCH_FILE                  ; TB_Riscv.sv                                                ; --            ; --               ; TB_Riscv                          ;
; EDA_TEST_BENCH_MODULE_NAME           ; TB_Riscv                                                   ; --            ; --               ; TB_Riscv                          ;
; EDA_TEST_BENCH_NAME                  ; TB_Riscv                                                   ; --            ; --               ; eda_simulation                    ;
; EDA_TIME_SCALE                       ; 1 ps                                                       ; --            ; --               ; eda_simulation                    ;
; MAX_CORE_JUNCTION_TEMP               ; 85                                                         ; --            ; --               ; --                                ;
; MIN_CORE_JUNCTION_TEMP               ; 0                                                          ; --            ; --               ; --                                ;
; MISC_FILE                            ; vgaClock/synthesis/../vgaClock.cmp                         ; --            ; --               ; --                                ;
; MISC_FILE                            ; vgaClock/synthesis/../../vgaClock.qsys                     ; --            ; --               ; --                                ;
; PARTITION_COLOR                      ; -- (Not supported for targeted family)                     ; --            ; Top_module_RISCV ; Top                               ;
; PARTITION_FITTER_PRESERVATION_LEVEL  ; -- (Not supported for targeted family)                     ; --            ; Top_module_RISCV ; Top                               ;
; PARTITION_NETLIST_TYPE               ; -- (Not supported for targeted family)                     ; --            ; Top_module_RISCV ; Top                               ;
; POWER_BOARD_THERMAL_MODEL            ; None (CONSERVATIVE)                                        ; --            ; --               ; --                                ;
; POWER_PRESET_COOLING_SOLUTION        ; 23 MM HEAT SINK WITH 200 LFPM AIRFLOW                      ; --            ; --               ; --                                ;
; PROJECT_OUTPUT_DIRECTORY             ; output_files                                               ; --            ; --               ; --                                ;
; SLD_FILE                             ; vgaClock/synthesis/vgaClock.debuginfo                      ; --            ; --               ; --                                ;
; SLD_INFO                             ; QSYS_NAME vgaClock HAS_SOPCINFO 1 GENERATION_ID 1745791527 ; --            ; vgaClock         ; --                                ;
; SOPCINFO_FILE                        ; vgaClock/synthesis/../../vgaClock.sopcinfo                 ; --            ; --               ; --                                ;
; SYNTHESIS_ONLY_QIP                   ; On                                                         ; --            ; --               ; --                                ;
; TOP_LEVEL_ENTITY                     ; Top_module_RISCV                                           ; RISCV         ; --               ; --                                ;
+--------------------------------------+------------------------------------------------------------+---------------+------------------+-----------------------------------+


+--------------------------------------------------------------------------------------------------------------------------+
; Flow Elapsed Time                                                                                                        ;
+----------------------+--------------+-------------------------+---------------------+------------------------------------+
; Module Name          ; Elapsed Time ; Average Processors Used ; Peak Virtual Memory ; Total CPU Time (on all processors) ;
+----------------------+--------------+-------------------------+---------------------+------------------------------------+
; Analysis & Synthesis ; 00:00:25     ; 2.3                     ; 5024 MB             ; 00:00:51                           ;
; Fitter               ; 00:24:09     ; 1.0                     ; 7826 MB             ; 01:31:47                           ;
; Assembler            ; 00:00:06     ; 1.0                     ; 5306 MB             ; 00:00:06                           ;
; Timing Analyzer      ; 00:00:12     ; 4.7                     ; 5581 MB             ; 00:00:46                           ;
; EDA Netlist Writer   ; 00:00:02     ; 1.0                     ; 4956 MB             ; 00:00:02                           ;
; Total                ; 00:24:54     ; --                      ; --                  ; 01:33:32                           ;
+----------------------+--------------+-------------------------+---------------------+------------------------------------+


+------------------------------------------------------------------------------------+
; Flow OS Summary                                                                    ;
+----------------------+------------------+------------+------------+----------------+
; Module Name          ; Machine Hostname ; OS Name    ; OS Version ; Processor type ;
+----------------------+------------------+------------+------------+----------------+
; Analysis & Synthesis ; Max              ; Windows 10 ; 10.0       ; x86_64         ;
; Fitter               ; Max              ; Windows 10 ; 10.0       ; x86_64         ;
; Assembler            ; Max              ; Windows 10 ; 10.0       ; x86_64         ;
; Timing Analyzer      ; Max              ; Windows 10 ; 10.0       ; x86_64         ;
; EDA Netlist Writer   ; Max              ; Windows 10 ; 10.0       ; x86_64         ;
+----------------------+------------------+------------+------------+----------------+


------------
; Flow Log ;
------------
quartus_map --read_settings_files=on --write_settings_files=off RISCV -c RISCV
quartus_fit --read_settings_files=off --write_settings_files=off RISCV -c RISCV
quartus_asm --read_settings_files=off --write_settings_files=off RISCV -c RISCV
quartus_sta RISCV -c RISCV
quartus_eda --read_settings_files=off --write_settings_files=off RISCV -c RISCV



